  Meteor.cpp
e:\gitrep\game\space invaders\meteor.cpp(14): warning C4244: аргумент: преобразование "const float" в "T", возможна потеря данных
          with
          [
              T=int
          ]
e:\gitrep\game\space invaders\meteor.cpp(22): warning C4244: аргумент: преобразование "const float" в "T", возможна потеря данных
          with
          [
              T=int
          ]
e:\gitrep\game\space invaders\meteor.cpp(30): warning C4244: аргумент: преобразование "const float" в "T", возможна потеря данных
          with
          [
              T=int
          ]
e:\gitrep\game\space invaders\meteor.cpp(51): warning C4244: =: преобразование "double" в "float", возможна потеря данных
e:\gitrep\game\space invaders\meteor.cpp(56): warning C4244: =: преобразование "double" в "float", возможна потеря данных
e:\gitrep\game\space invaders\meteor.cpp(57): warning C4305: =: усечение из "double" в "float"
e:\gitrep\game\space invaders\meteor.cpp(68): warning C4244: аргумент: преобразование "int" в "float", возможна потеря данных
e:\gitrep\game\space invaders\meteor.cpp(69): warning C4244: аргумент: преобразование "int" в "float", возможна потеря данных
e:\gitrep\game\space invaders\meteor.cpp(62): warning C4809: в операторе switch имеется ненужная метка "default"; все возможные метки "case" уже заданы
e:\gitrep\game\space invaders\meteor.cpp(79): warning C4244: =: преобразование "int" в "float", возможна потеря данных
e:\gitrep\game\space invaders\meteor.cpp(83): warning C4244: =: преобразование "int" в "float", возможна потеря данных
e:\gitrep\game\space invaders\meteor.cpp(86): warning C4244: аргумент: преобразование "int" в "float", возможна потеря данных
e:\gitrep\game\space invaders\meteor.cpp(87): warning C4244: аргумент: преобразование "int" в "float", возможна потеря данных
e:\gitrep\game\space invaders\meteor.cpp(98): warning C4244: =: преобразование "int" в "float", возможна потеря данных
e:\gitrep\game\space invaders\meteor.cpp(100): warning C4305: =: усечение из "double" в "float"
e:\gitrep\game\space invaders\meteor.cpp(102): warning C4244: =: преобразование "int" в "float", возможна потеря данных
e:\gitrep\game\space invaders\meteor.cpp(105): warning C4244: аргумент: преобразование "int" в "float", возможна потеря данных
e:\gitrep\game\space invaders\meteor.cpp(106): warning C4244: аргумент: преобразование "int" в "float", возможна потеря данных
e:\gitrep\game\space invaders\meteor.cpp(114): warning C4244: =: преобразование "double" в "float", возможна потеря данных
e:\gitrep\game\space invaders\meteor.cpp(119): warning C4244: =: преобразование "double" в "float", возможна потеря данных
e:\gitrep\game\space invaders\meteor.cpp(120): warning C4305: =: усечение из "double" в "float"
e:\gitrep\game\space invaders\meteor.cpp(137): warning C4244: аргумент: преобразование "int" в "float", возможна потеря данных
e:\gitrep\game\space invaders\meteor.cpp(138): warning C4244: аргумент: преобразование "int" в "float", возможна потеря данных
e:\gitrep\game\space invaders\meteor.cpp(125): warning C4809: в операторе switch имеется ненужная метка "default"; все возможные метки "case" уже заданы
e:\gitrep\game\space invaders\meteor.cpp(147): warning C4305: =: усечение из "double" в "float"
e:\gitrep\game\space invaders\meteor.cpp(149): warning C4244: =: преобразование "int" в "float", возможна потеря данных
e:\gitrep\game\space invaders\meteor.cpp(153): warning C4244: аргумент: преобразование "int" в "float", возможна потеря данных
e:\gitrep\game\space invaders\meteor.cpp(154): warning C4244: аргумент: преобразование "int" в "float", возможна потеря данных
  Space invaders.vcxproj -> E:\GitRep\Game\x64\Debug\Space invaders.exe
